[aptiskey.com/index.html]
[backblue.gif]
[fade.gif]
[index.html]
[aptiskey.com/images/favicon.ico]
[aptiskey.com/js/home.js]
[aptiskey.com/css/adminlte/adminlte.css]
[cdn.jsdelivr.net/npm/@fontsource/source-sans-3@5.0.12/index.css]
[cdn.jsdelivr.net/npm/overlayscrollbars@2.11.0/styles/overlayscrollbars.min.css]
[cdn.jsdelivr.net/npm/bootstrap-icons@1.13.1/font/bootstrap-icons.min.css]
[cdn.jsdelivr.net/npm/apexcharts@3.37.1/dist/apexcharts.css]
[cdn.jsdelivr.net/npm/jsvectormap@1.5.3/dist/css/jsvectormap.min.css]
[pagead2.googlesyndication.com/pagead/js/fddf6.txt]
[aptiskey.com/home.html]
[aptiskey.com/images/assets/img/avatar.png]
[aptiskey.com/images/assets/img/avatar3.png]
[aptiskey.com/images/assets/img/avatar4.png]
[aptiskey.com/images/assets/img/avatar5.png]
[aptiskey.com/images/assets/img/AdminLTELogo.png]
[aptiskey.com/reading_question.html]
[aptiskey.com/reading_bode.html]
[aptiskey.com/reading_meo.html]
[aptiskey.com/listening_question.html]
[aptiskey.com/listening_bode.html]
[aptiskey.com/listening_meo.html]
[aptiskey.com/writing_bode.html]
[aptiskey.com/writing_meo.html]
[aptiskey.com/speaking_question.html]
[aptiskey.com/speaking_meo.html]
[aptiskey.com/donate.html]
[aptiskey.com/reading_question_cu.html]
[aptiskey.com/reading_bode_cu.html]
[aptiskey.com/grammar_bode.html]
[aptiskey.com/grammar_meo.html]
[cdn.jsdelivr.net/npm/overlayscrollbars@2.11.0/browser/overlayscrollbars.browser.es6.min.js]
[cdn.jsdelivr.net/npm/@popperjs/core@2.11.8/dist/umd/popper.min.js]
[cdn.jsdelivr.net/npm/bootstrap@5.3.7/dist/js/bootstrap.min.js]
[aptiskey.com/js/adminlte/adminlte.js]
[aptiskey.com/index.html]
[aptiskey.com/css/adminlte/adminlte.css]
[cdn.jsdelivr.net/npm/sortablejs@1.15.0/Sortable.min.js]
[cdn.jsdelivr.net/npm/@fontsource/source-sans-3@5.0.12/files/source-sans-3-cyrillic-ext-400-normal.woff2]
[cdn.jsdelivr.net/npm/@fontsource/source-sans-3@5.0.12/files/source-sans-3-cyrillic-ext-400-normal.woff]
[cdn.jsdelivr.net/npm/@fontsource/source-sans-3@5.0.12/files/source-sans-3-cyrillic-400-normal.woff2]
[cdn.jsdelivr.net/npm/@fontsource/source-sans-3@5.0.12/files/source-sans-3-cyrillic-400-normal.woff]
[cdn.jsdelivr.net/npm/@fontsource/source-sans-3@5.0.12/files/source-sans-3-greek-ext-400-normal.woff2]
[cdn.jsdelivr.net/npm/@fontsource/source-sans-3@5.0.12/files/source-sans-3-greek-ext-400-normal.woff]
[cdn.jsdelivr.net/npm/@fontsource/source-sans-3@5.0.12/files/source-sans-3-greek-400-normal.woff2]
[cdn.jsdelivr.net/npm/@fontsource/source-sans-3@5.0.12/files/source-sans-3-greek-400-normal.woff]
[cdn.jsdelivr.net/npm/@fontsource/source-sans-3@5.0.12/files/source-sans-3-vietnamese-400-normal.woff2]
[cdn.jsdelivr.net/npm/@fontsource/source-sans-3@5.0.12/files/source-sans-3-vietnamese-400-normal.woff]
[cdn.jsdelivr.net/npm/@fontsource/source-sans-3@5.0.12/files/source-sans-3-latin-ext-400-normal.woff2]
[cdn.jsdelivr.net/npm/@fontsource/source-sans-3@5.0.12/files/source-sans-3-latin-ext-400-normal.woff]
[cdn.jsdelivr.net/npm/@fontsource/source-sans-3@5.0.12/files/source-sans-3-latin-400-normal.woff2]
[cdn.jsdelivr.net/npm/@fontsource/source-sans-3@5.0.12/files/source-sans-3-latin-400-normal.woff]
[cdn.jsdelivr.net/npm/@fontsource/source-sans-3@5.0.12/index.css]
[cdn.jsdelivr.net/npm/overlayscrollbars@2.11.0/styles/overlayscrollbars.min.css]
[cdn.jsdelivr.net/npm/bootstrap-icons@1.13.1/font/fonts/bootstrap-icons04d5.woff2]
[cdn.jsdelivr.net/npm/bootstrap-icons@1.13.1/font/bootstrap-icons.min.css]
[cdn.jsdelivr.net/npm/bootstrap-icons@1.13.1/font/fonts/bootstrap-icons04d5.woff]
[cdn.jsdelivr.net/npm/apexcharts@3.37.1/dist/apexcharts.css]
[cdn.jsdelivr.net/npm/jsvectormap@1.5.3/dist/css/jsvectormap.min.css]
[aptiskey.com/home.html]
[aptiskey.com/reading_question1.html]
[aptiskey.com/reading_question2.html]
[aptiskey.com/reading_question4.html]
[aptiskey.com/reading_question5.html]
[aptiskey.com/reading_question.html]
[aptiskey.com/readingkey016.html]
[aptiskey.com/readingkey017.html]
[aptiskey.com/readingkey018.html]
[aptiskey.com/readingkey019.html]
[aptiskey.com/readingkey020.html]
[aptiskey.com/readingkey021.html]
[aptiskey.com/readingkey022.html]
[aptiskey.com/readingkey023.html]
[aptiskey.com/readingkey024.html]
[aptiskey.com/reading_bode.html]
[aptiskey.com/reading_meo.html]
[aptiskey.com/listening_question1_13.html]
[aptiskey.com/listening_question14.html]
[aptiskey.com/listening_question15.html]
[aptiskey.com/listening_question16_17.html]
[aptiskey.com/listening_question.html]
[aptiskey.com/listeningkey001.html]
[aptiskey.com/listeningkey002.html]
[aptiskey.com/listeningkey003.html]
[aptiskey.com/listeningkey004.html]
[aptiskey.com/listeningkey005.html]
[aptiskey.com/listeningkey006.html]
[aptiskey.com/listeningkey007.html]
[aptiskey.com/listeningkey008.html]
[aptiskey.com/listeningkey009.html]
[aptiskey.com/listeningkey010.html]
[aptiskey.com/listeningkey011.html]
[aptiskey.com/listeningkey012.html]
[aptiskey.com/listening_bode.html]
[aptiskey.com/listening_meo_cau15.html]
[aptiskey.com/listening_meo.html]
[aptiskey.com/writingkey001.html]
[aptiskey.com/writingkey002.html]
[aptiskey.com/writingkey003.html]
[aptiskey.com/writingkey004.html]
[aptiskey.com/writingkey005.html]
[aptiskey.com/writingkey006.html]
[aptiskey.com/writingkey007.html]
[aptiskey.com/writingkey008.html]
[aptiskey.com/writingkey009.html]
[aptiskey.com/writingkey010.html]
[aptiskey.com/writingkey011.html]
[aptiskey.com/writingkey012.html]
[aptiskey.com/writingkey013.html]
[aptiskey.com/writingkey014.html]
[aptiskey.com/writingkey015.html]
[aptiskey.com/writingkey016.html]
[aptiskey.com/writingkey017.html]
[aptiskey.com/writingkey018.html]
[aptiskey.com/writingkey019.html]
[aptiskey.com/writingkey020.html]
[aptiskey.com/writingkey021.html]
[aptiskey.com/writingkey022.html]
[aptiskey.com/writingkey023.html]
[aptiskey.com/writingkey024.html]
[aptiskey.com/writingkey025.html]
[aptiskey.com/writingkey026.html]
[aptiskey.com/writingkey027.html]
[aptiskey.com/writingkey028.html]
[aptiskey.com/writingkey029.html]
[aptiskey.com/writingkey030.html]
[aptiskey.com/writingkey031.html]
[aptiskey.com/writingkey032.html]
[aptiskey.com/writingkey033.html]
[aptiskey.com/writingkey034.html]
[aptiskey.com/writingkey035.html]
[aptiskey.com/writingkey036.html]
[aptiskey.com/writingkey037.html]
[aptiskey.com/writingkey038.html]
[aptiskey.com/writingkey039.html]
[aptiskey.com/writing_bode.html]
[aptiskey.com/writingkey040.html]
[cdn.jsdelivr.net/npm/bootstrap@5.3.3/dist/css/bootstrap.min.css]
[aptiskey.com/writing_meo.html]
[cdn.jsdelivr.net/npm/bootstrap@5.3.3/dist/js/bootstrap.bundle.min.js]
[aptiskey.com/speaking_question1.html]
[aptiskey.com/speaking_question2.html]
[aptiskey.com/speaking_question3.html]
[aptiskey.com/speaking_question4.html]
[aptiskey.com/speaking_question.html]
[aptiskey.com/speaking_question2_meo.html]
[aptiskey.com/speaking_meo.html]
[aptiskey.com/js/donate.js]
[aptiskey.com/donate.html]
[aptiskey.com/reading_question_cu1.html]
[aptiskey.com/reading_question_cu2.html]
[aptiskey.com/reading_question_cu4.html]
[aptiskey.com/reading_question_cu.html]
[aptiskey.com/reading_question_cu5.html]
[aptiskey.com/readingkey001.html]
[aptiskey.com/readingkey002.html]
[aptiskey.com/readingkey003.html]
[aptiskey.com/readingkey004.html]
[aptiskey.com/readingkey005.html]
[aptiskey.com/readingkey006.html]
[aptiskey.com/readingkey007.html]
[aptiskey.com/readingkey008.html]
[aptiskey.com/readingkey009.html]
[aptiskey.com/readingkey010.html]
[aptiskey.com/readingkey011.html]
[aptiskey.com/readingkey012.html]
[aptiskey.com/readingkey013.html]
[aptiskey.com/readingkey014.html]
[aptiskey.com/readingkey015.html]
[aptiskey.com/reading_bode_cu.html]
[aptiskey.com/grammar_key001.html]
[aptiskey.com/grammar_key002.html]
[aptiskey.com/grammar_key003.html]
[aptiskey.com/grammar_key004.html]
[aptiskey.com/grammar_key005.html]
[aptiskey.com/grammar_key006.html]
[aptiskey.com/grammar_key007.html]
[aptiskey.com/grammar_key008.html]
[aptiskey.com/grammar_bode.html]
[aptiskey.com/grammar_meo.html]
[cdn.jsdelivr.net/npm/bootstrap-icons/font/bootstrap-icons.css]
[aptiskey.com/css/readingkey.css]
[aptiskey.com/js/reading_question/reading_question1.js]
[aptiskey.com/reading_question-2.html]
[aptiskey.com/reading_question1.html]
[cdn.jsdelivr.net/npm/bootstrap@5.3.0-alpha1/dist/js/bootstrap.bundle.min.js]
[aptiskey.com/js/reading_question/reading_question2.js]
[aptiskey.com/reading_question2.html]
[aptiskey.com/js/reading_question/reading_question4.js]
[code.jquery.com/jquery-3.6.0.min.js]
[aptiskey.com/reading_question4.html]
[cdn.jsdelivr.net/npm/bootstrap@5.1.3/dist/js/bootstrap.bundle.min.js]
[aptiskey.com/js/reading_question/reading_question5.js]
[aptiskey.com/reading_question5.html]
[aptiskey.com/js/reading/readingkey016.js]
[aptiskey.com/reading_bode-2.html]
[aptiskey.com/readingkey016.html]
[aptiskey.com/js/reading/readingkey017.js]
[aptiskey.com/readingkey017.html]
[aptiskey.com/js/reading/readingkey018.js]
[aptiskey.com/readingkey018.html]
[aptiskey.com/js/reading/readingkey019.js]
[aptiskey.com/readingkey019.html]
[aptiskey.com/js/reading/readingkey020.js]
[aptiskey.com/readingkey020.html]
[aptiskey.com/js/reading/readingkey021.js]
[aptiskey.com/readingkey021.html]
[aptiskey.com/js/reading/readingkey022.js]
[aptiskey.com/readingkey022.html]
[aptiskey.com/js/reading/readingkey023.js]
[aptiskey.com/readingkey023.html]
[aptiskey.com/js/reading/readingkey024.js]
[aptiskey.com/readingkey024.html]
[cdn.jsdelivr.net/npm/bootstrap-icons@1.10.5/font/bootstrap-icons.css]
[aptiskey.com/css/listeningkey.css]
[aptiskey.com/listening_question1_13.html]
[aptiskey.com/js/listening_question/listening_question1_13.js]
[aptiskey.com/js/listening_question/listening_question14.js]
[aptiskey.com/listening_question14.html]
[aptiskey.com/js/listening_question/listening_question15.js]
[aptiskey.com/listening_question15.html]
[aptiskey.com/js/listening_question/listening_question16_17.js]
[aptiskey.com/listening_question16_17.html]
[aptiskey.com/js/listening/listeningkey001.js]
[aptiskey.com/listeningkey001.html]
[aptiskey.com/js/listening/listeningkey002.js]
[aptiskey.com/listeningkey002.html]
[aptiskey.com/js/listening/listeningkey003.js]
[aptiskey.com/listeningkey003.html]
[aptiskey.com/js/listening/listeningkey004.js]
[aptiskey.com/listeningkey004.html]
[aptiskey.com/js/listening/listeningkey005.js]
[aptiskey.com/listeningkey005.html]
[aptiskey.com/js/listening/listeningkey006.js]
[aptiskey.com/listeningkey006.html]
[aptiskey.com/js/listening/listeningkey007.js]
[aptiskey.com/listeningkey007.html]
[aptiskey.com/js/listening/listeningkey008.js]
[aptiskey.com/listeningkey008.html]
[aptiskey.com/js/listening/listeningkey009.js]
[aptiskey.com/listeningkey009.html]
[aptiskey.com/js/listening/listeningkey010.js]
[aptiskey.com/listeningkey010.html]
[aptiskey.com/js/listening/listeningkey011.js]
[aptiskey.com/listeningkey011.html]
[aptiskey.com/js/listening/listeningkey012.js]
[aptiskey.com/listeningkey012.html]
[aptiskey.com/listening_meo_cau15.html]
[aptiskey.com/js/writing/writingkey001.js]
[aptiskey.com/writing_bode-2.html]
[aptiskey.com/writingkey001.html]
[aptiskey.com/js/writing/writingkey002.js]
[aptiskey.com/writingkey002.html]
[aptiskey.com/js/writing/writingkey003.js]
[aptiskey.com/writingkey003.html]
[aptiskey.com/js/writing/writingkey004.js]
[aptiskey.com/writingkey004.html]
[aptiskey.com/js/writing/writingkey005.js]
[aptiskey.com/writingkey005.html]
[aptiskey.com/js/writing/writingkey006.js]
[aptiskey.com/writingkey006.html]
[aptiskey.com/js/writing/writingkey007.js]
[aptiskey.com/writingkey007.html]
[aptiskey.com/js/writing/writingkey008.js]
[aptiskey.com/writingkey008.html]
[aptiskey.com/js/writing/writingkey009.js]
[aptiskey.com/writingkey009.html]
[aptiskey.com/js/writing/writingkey010.js]
[aptiskey.com/writingkey010.html]
[aptiskey.com/js/writing/writingkey011.js]
[aptiskey.com/writingkey011.html]
[aptiskey.com/js/writing/writingkey012.js]
[aptiskey.com/writingkey012.html]
[aptiskey.com/js/writing/writingkey013.js]
[aptiskey.com/writingkey013.html]
[aptiskey.com/js/writing/writingkey014.js]
[aptiskey.com/writingkey014.html]
[aptiskey.com/js/writing/writingkey015.js]
[aptiskey.com/writingkey015.html]
[aptiskey.com/js/writing/writingkey016.js]
[aptiskey.com/writingkey016.html]
[aptiskey.com/js/writing/writingkey017.js]
[aptiskey.com/writingkey017.html]
[aptiskey.com/js/writing/writingkey018.js]
[aptiskey.com/writingkey018.html]
[aptiskey.com/js/writing/writingkey019.js]
[aptiskey.com/writingkey019.html]
[aptiskey.com/js/writing/writingkey020.js]
[aptiskey.com/writingkey020.html]
[aptiskey.com/js/writing/writingkey021.js]
[aptiskey.com/writingkey021.html]
[aptiskey.com/js/writing/writingkey022.js]
[aptiskey.com/writingkey022.html]
[aptiskey.com/js/writing/writingkey023.js]
[aptiskey.com/writingkey023.html]
[aptiskey.com/js/writing/writingkey024.js]
[aptiskey.com/writingkey024.html]
[aptiskey.com/js/writing/writingkey025.js]
[aptiskey.com/writingkey025.html]
[aptiskey.com/js/writing/writingkey026.js]
[aptiskey.com/writingkey026.html]
[aptiskey.com/js/writing/writingkey027.js]
[aptiskey.com/writingkey027.html]
[aptiskey.com/js/writing/writingkey028.js]
[aptiskey.com/writingkey028.html]
[aptiskey.com/js/writing/writingkey029.js]
[aptiskey.com/writingkey029.html]
[aptiskey.com/js/writing/writingkey030.js]
[aptiskey.com/writingkey030.html]
[aptiskey.com/js/writing/writingkey031.js]
[aptiskey.com/writingkey031.html]
[aptiskey.com/js/writing/writingkey032.js]
[aptiskey.com/writingkey032.html]
[aptiskey.com/js/writing/writingkey033.js]
[aptiskey.com/writingkey033.html]
[aptiskey.com/js/writing/writingkey034.js]
[aptiskey.com/writingkey034.html]
[aptiskey.com/js/writing/writingkey035.js]
[aptiskey.com/writingkey035.html]
[aptiskey.com/js/writing/writingkey036.js]
[aptiskey.com/writingkey036.html]
[aptiskey.com/js/writing/writingkey037.js]
[aptiskey.com/writingkey037.html]
[aptiskey.com/js/writing/writingkey038.js]
[aptiskey.com/writingkey038.html]
[aptiskey.com/js/writing/writingkey039.js]
[aptiskey.com/writingkey039.html]
[aptiskey.com/js/writing/writingkey040.js]
[aptiskey.com/writingkey040.html]
[cdn.jsdelivr.net/npm/bootstrap@5.3.3/dist/css/bootstrap.min.css]
[aptiskey.com/js/speaking/speaking_question1.js]
[aptiskey.com/speaking_question1.html]
[aptiskey.com/js/speaking/speaking_question2.js]
[aptiskey.com/speaking_question2.html]
[aptiskey.com/images/speaking/part3/de01_1.png]
[aptiskey.com/js/speaking/speaking_question3.js]
[aptiskey.com/speaking_question3.html]
[aptiskey.com/images/speaking/part3/de01_2.png]
[aptiskey.com/js/speaking/speaking_question4.js]
[aptiskey.com/speaking_question4.html]
[aptiskey.com/js/speaking/speaking_question2_meo.js]
[aptiskey.com/speaking_question2_meo.html]
[cdnjs.cloudflare.com/ajax/libs/font-awesome/5.15.3/css/all.min.css]
[aptiskey.com/js/reading_question_cu/reading_question_cu1.js]
[aptiskey.com/reading_question_cu1.html]
[aptiskey.com/reading_question_cu-2.html]
[aptiskey.com/js/reading_question_cu/reading_question_cu2.js]
[aptiskey.com/reading_question_cu2.html]
[aptiskey.com/js/reading_question_cu/reading_question_cu4.js]
[aptiskey.com/reading_question_cu4.html]
[aptiskey.com/js/reading_question_cu/reading_question_cu5.js]
[aptiskey.com/reading_question_cu5.html]
[aptiskey.com/js/reading_cu/readingkey001.js]
[aptiskey.com/readingkey001.html]
[aptiskey.com/js/reading_cu/readingkey002.js]
[aptiskey.com/readingkey002.html]
[aptiskey.com/js/reading_cu/readingkey003.js]
[aptiskey.com/readingkey003.html]
[aptiskey.com/js/reading_cu/readingkey004.js]
[aptiskey.com/readingkey004.html]
[aptiskey.com/js/reading_cu/readingkey005.js]
[aptiskey.com/readingkey005.html]
[aptiskey.com/js/reading_cu/readingkey006.js]
[aptiskey.com/readingkey006.html]
[aptiskey.com/js/reading_cu/readingkey007.js]
[aptiskey.com/readingkey007.html]
[aptiskey.com/js/reading_cu/readingkey008.js]
[aptiskey.com/readingkey008.html]
[aptiskey.com/js/reading_cu/readingkey009.js]
[aptiskey.com/readingkey009.html]
[aptiskey.com/js/reading_cu/readingkey010.js]
[aptiskey.com/readingkey010.html]
[aptiskey.com/js/reading_cu/readingkey011.js]
[aptiskey.com/readingkey011.html]
[aptiskey.com/js/reading_cu/readingkey012.js]
[aptiskey.com/readingkey012.html]
[aptiskey.com/js/reading_cu/readingkey013.js]
[aptiskey.com/readingkey013.html]
[aptiskey.com/js/reading_cu/readingkey014.js]
[aptiskey.com/readingkey014.html]
[aptiskey.com/js/reading_cu/readingkey015.js]
[aptiskey.com/readingkey015.html]
[aptiskey.com/js/grammar/grammar_key001.js]
[aptiskey.com/grammar_bode-2.html]
[aptiskey.com/grammar_key001.html]
[aptiskey.com/js/grammar/grammar_key002.js]
[aptiskey.com/grammar_key002.html]
[aptiskey.com/js/grammar/grammar_key003.js]
[aptiskey.com/grammar_key003.html]
[aptiskey.com/js/grammar/grammar_key004.js]
[aptiskey.com/grammar_key004.html]
[aptiskey.com/js/grammar/grammar_key005.js]
[aptiskey.com/grammar_key005.html]
[aptiskey.com/js/grammar/grammar_key006.js]
[aptiskey.com/grammar_key006.html]
[aptiskey.com/js/grammar/grammar_key007.js]
[aptiskey.com/grammar_key007.html]
[aptiskey.com/js/grammar/grammar_key008.js]
[aptiskey.com/grammar_key008.html]
[cdn.jsdelivr.net/npm/bootstrap-icons/font/fonts/bootstrap-icons04d5.woff2]
[cdn.jsdelivr.net/npm/bootstrap-icons/font/fonts/bootstrap-icons04d5.woff]
[cdn.jsdelivr.net/npm/bootstrap-icons/font/bootstrap-icons.css]
[aptiskey.com/css/readingkey.css]
[aptiskey.com/reading_question-2.html]
[aptiskey.com/reading_bode-2.html]
[cdn.jsdelivr.net/npm/bootstrap-icons@1.10.5/font/fonts/bootstrap-iconse52a.woff2]
[cdn.jsdelivr.net/npm/bootstrap-icons@1.10.5/font/fonts/bootstrap-iconse52a.woff]
[cdn.jsdelivr.net/npm/bootstrap-icons@1.10.5/font/bootstrap-icons.css]
[aptiskey.com/css/listeningkey.css]
[aptiskey.com/writing_bode-2.html]
[cdnjs.cloudflare.com/ajax/libs/font-awesome/5.15.3/webfonts/fa-brands-400.woff2]
[cdnjs.cloudflare.com/ajax/libs/font-awesome/5.15.3/webfonts/fa-brands-400.woff]
[cdnjs.cloudflare.com/ajax/libs/font-awesome/5.15.3/webfonts/fa-brands-400.svg]
[cdnjs.cloudflare.com/ajax/libs/font-awesome/5.15.3/webfonts/fa-regular-400.woff2]
[cdnjs.cloudflare.com/ajax/libs/font-awesome/5.15.3/webfonts/fa-regular-400.woff]
[cdnjs.cloudflare.com/ajax/libs/font-awesome/5.15.3/webfonts/fa-regular-400.svg]
[cdnjs.cloudflare.com/ajax/libs/font-awesome/5.15.3/webfonts/fa-solid-900.woff2]
[cdnjs.cloudflare.com/ajax/libs/font-awesome/5.15.3/webfonts/fa-solid-900.woff]
[cdnjs.cloudflare.com/ajax/libs/font-awesome/5.15.3/css/all.min.css]
[aptiskey.com/reading_question_cu-2.html]
[aptiskey.com/grammar_bode-2.html]
[cdnjs.cloudflare.com/ajax/libs/font-awesome/5.15.3/webfonts/fa-solid-900.svg]
[cdnjs.cloudflare.com/ajax/libs/font-awesome/5.15.3/webfonts/fa-brands-400.svg]
[cdnjs.cloudflare.com/ajax/libs/font-awesome/5.15.3/webfonts/fa-regular-400.svg]
[cdnjs.cloudflare.com/ajax/libs/font-awesome/5.15.3/webfonts/fa-solid-900.svg]
